#
# There is insufficient memory for the Java Runtime Environment to continue.
# Native memory allocation (malloc) failed to allocate 293856 bytes for Chunk::new
# Possible reasons:
#   The system is out of physical RAM or swap space
#   The process is running with CompressedOops enabled, and the Java Heap may be blocking the growth of the native heap
# Possible solutions:
#   Reduce memory load on the system
#   Increase physical memory or swap space
#   Check if swap backing store is full
#   Decrease Java heap size (-Xmx/-Xms)
#   Decrease number of Java threads
#   Decrease Java thread stack sizes (-Xss)
#   Set larger code cache with -XX:ReservedCodeCacheSize=
#   JVM is running with Unscaled Compressed Oops mode in which the Java heap is
#     placed in the first 4GB address space. The Java Heap base address is the
#     maximum limit for the native heap growth. Please use -XX:HeapBaseMinAddress
#     to set the Java Heap base and to place the Java Heap above 4GB virtual address.
# This output file may be truncated or incomplete.
#
#  Out of Memory Error (allocation.cpp:389), pid=7304, tid=0x0000000000001e48
#
# JRE version: Java(TM) SE Runtime Environment (8.0_202-b08) (build 1.8.0_202-b08)
# Java VM: Java HotSpot(TM) 64-Bit Server VM (25.202-b08 mixed mode windows-amd64 compressed oops)
# Failed to write core dump. Minidumps are not enabled by default on client versions of Windows
#

---------------  T H R E A D  ---------------

Current thread (0x0000000017512800):  JavaThread "C2 CompilerThread0" daemon [_thread_in_native, id=7752, stack(0x0000000018540000,0x0000000018640000)]

Stack: [0x0000000018540000,0x0000000018640000]
[error occurred during error reporting (printing stack bounds), id 0xc0000005]

Native frames: (J=compiled Java code, j=interpreted, Vv=VM code, C=native code)


Current CompileTask:
C2:   2001 1572   !   4       sun.misc.URLClassPath$JarLoader::getResource (85 bytes)


---------------  P R O C E S S  ---------------

Java Threads: ( => current thread )
  0x000000001953e000 JavaThread "Prism Font Disposer" daemon [_thread_blocked, id=9672, stack(0x000000001efa0000,0x000000001f0a0000)]
  0x0000000018de3000 JavaThread "mysql-cj-abandoned-connection-cleanup" daemon [_thread_blocked, id=10116, stack(0x000000001c370000,0x000000001c470000)]
  0x0000000018ddf000 JavaThread "Abandoned connection cleanup thread" daemon [_thread_blocked, id=3260, stack(0x000000001c270000,0x000000001c370000)]
  0x0000000018e6d000 JavaThread "Thread-4" daemon [_thread_in_native, id=8716, stack(0x000000001c070000,0x000000001c170000)]
  0x0000000018e6c000 JavaThread "JavaFX-Launcher" [_thread_blocked, id=10064, stack(0x000000001c170000,0x000000001c270000)]
  0x0000000018d91000 JavaThread "JavaFX Application Thread" [_thread_in_vm, id=8728, stack(0x0000000019b30000,0x0000000019c30000)]
  0x0000000018d88000 JavaThread "Thread-1" daemon [_thread_blocked, id=9052, stack(0x0000000019a30000,0x0000000019b30000)]
  0x0000000018d47800 JavaThread "QuantumRenderer-0" daemon [_thread_blocked, id=9124, stack(0x0000000019790000,0x0000000019890000)]
  0x000000001756c800 JavaThread "Service Thread" daemon [_thread_blocked, id=8696, stack(0x0000000018740000,0x0000000018840000)]
  0x0000000017515000 JavaThread "C1 CompilerThread1" daemon [_thread_blocked, id=10052, stack(0x0000000018640000,0x0000000018740000)]
=>0x0000000017512800 JavaThread "C2 CompilerThread0" daemon [_thread_in_native, id=7752, stack(0x0000000018540000,0x0000000018640000)]
  0x0000000017511800 JavaThread "Attach Listener" daemon [_thread_blocked, id=8456, stack(0x0000000018440000,0x0000000018540000)]
  0x000000001750e000 JavaThread "Signal Dispatcher" daemon [_thread_blocked, id=10088, stack(0x0000000018340000,0x0000000018440000)]
  0x0000000002b21800 JavaThread "Finalizer" daemon [_thread_blocked, id=9292, stack(0x0000000018140000,0x0000000018240000)]
  0x00000000174f8000 JavaThread "Reference Handler" daemon [_thread_blocked, id=9804, stack(0x0000000018040000,0x0000000018140000)]
  0x0000000000e2e800 JavaThread "main" [_thread_blocked, id=9592, stack(0x0000000001150000,0x0000000001250000)]

Other Threads:
  0x00000000174d7000 VMThread [stack: 0x0000000017f40000,0x0000000018040000] [id=6088]
  0x0000000017571800 WatcherThread [stack: 0x0000000018840000,0x0000000018940000] [id=3288]

VM state:not at safepoint (normal execution)

VM Mutex/Monitor currently owned by a thread:  ([mutex/lock_event])
[0x0000000000e2dee0] SymbolTable_lock - owner thread: 0x0000000018d91000

heap address: 0x0000000080000000, size: 2048 MB, Compressed Oops mode: 32-bit
Narrow klass base: 0x0000000000000000, Narrow klass shift: 3
Compressed class space size: 1073741824 Address: 0x0000000100000000

Heap:
 PSYoungGen      total 38400K, used 662K [0x00000000d5580000, 0x00000000d8000000, 0x0000000100000000)
  eden space 33280K, 1% used [0x00000000d5580000,0x00000000d56259a8,0x00000000d7600000)
  from space 5120K, 0% used [0x00000000d7600000,0x00000000d7600000,0x00000000d7b00000)
  to   space 5120K, 0% used [0x00000000d7b00000,0x00000000d7b00000,0x00000000d8000000)
 ParOldGen       total 61952K, used 5746K [0x0000000080000000, 0x0000000083c80000, 0x00000000d5580000)
  object space 61952K, 9% used [0x0000000080000000,0x000000008059c828,0x0000000083c80000)
 Metaspace       used 19983K, capacity 20614K, committed 20992K, reserved 1073152K
  class space    used 2546K, capacity 2725K, committed 2816K, reserved 1048576K

Card table byte_map: [0x0000000011ef0000,0x0000000012300000] byte_map_base: 0x0000000011af0000

Marking Bits: (ParMarkBitMap*) 0x000000006b245ce0
 Begin Bits: [0x00000000127b0000, 0x00000000147b0000)
 End Bits:   [0x00000000147b0000, 0x00000000167b0000)

Polling page: 0x00000000009f0000

CodeCache: size=245760Kb used=5486Kb max_used=5495Kb free=240273Kb
 bounds [0x0000000002b30000, 0x00000000030a0000, 0x0000000011b30000]
 total_blobs=2196 nmethods=1571 adapters=537
 compilation: enabled

Compilation events (10 events):
Event: 1.952 Thread 0x0000000017515000 nmethod 1566 0x00000000030783d0 code [0x00000000030790c0, 0x0000000003083f98]
Event: 1.952 Thread 0x0000000017515000 1567       3       com.sun.javafx.css.StyleClassSet::<init> (5 bytes)
Event: 1.952 Thread 0x0000000017515000 nmethod 1567 0x000000000308bf90 code [0x000000000308c100, 0x000000000308c330]
Event: 1.952 Thread 0x0000000017515000 1568       3       javafx.scene.Node::getParent (22 bytes)
Event: 1.952 Thread 0x0000000017515000 nmethod 1568 0x000000000308c410 code [0x000000000308c5a0, 0x000000000308ca48]
Event: 1.953 Thread 0x0000000017515000 1570       1       java.util.Arrays$ArrayList::size (6 bytes)
Event: 1.953 Thread 0x0000000017515000 nmethod 1570 0x000000000308cb90 code [0x000000000308cce0, 0x000000000308cdf0]
Event: 1.956 Thread 0x0000000017512800 1571       4       java.util.HashMap::getNode (148 bytes)
Event: 1.958 Thread 0x0000000017512800 nmethod 1571 0x000000000308fd50 code [0x000000000308fec0, 0x0000000003090138]
Event: 1.962 Thread 0x0000000017512800 1572   !   4       sun.misc.URLClassPath$JarLoader::getResource (85 bytes)

GC Heap History (10 events):
Event: 1.871 GC heap before
{Heap before GC invocations=5 (full 2):
 PSYoungGen      total 38400K, used 5118K [0x00000000d5580000, 0x00000000d8000000, 0x0000000100000000)
  eden space 33280K, 0% used [0x00000000d5580000,0x00000000d5580000,0x00000000d7600000)
  from space 5120K, 99% used [0x00000000d7600000,0x00000000d7aff880,0x00000000d7b00000)
  to   space 5120K, 0% used [0x00000000d7b00000,0x00000000d7b00000,0x00000000d8000000)
 ParOldGen       total 61952K, used 4243K [0x0000000080000000, 0x0000000083c80000, 0x00000000d5580000)
  object space 61952K, 6% used [0x0000000080000000,0x0000000080424c40,0x0000000083c80000)
 Metaspace       used 19585K, capacity 20188K, committed 20352K, reserved 1073152K
  class space    used 2414K, capacity 2576K, committed 2688K, reserved 1048576K
Event: 1.904 GC heap after
Heap after GC invocations=5 (full 2):
 PSYoungGen      total 38400K, used 0K [0x00000000d5580000, 0x00000000d8000000, 0x0000000100000000)
  eden space 33280K, 0% used [0x00000000d5580000,0x00000000d5580000,0x00000000d7600000)
  from space 5120K, 0% used [0x00000000d7600000,0x00000000d7600000,0x00000000d7b00000)
  to   space 5120K, 0% used [0x00000000d7b00000,0x00000000d7b00000,0x00000000d8000000)
 ParOldGen       total 61952K, used 6915K [0x0000000080000000, 0x0000000083c80000, 0x00000000d5580000)
  object space 61952K, 11% used [0x0000000080000000,0x00000000806c0da8,0x0000000083c80000)
 Metaspace       used 19585K, capacity 20188K, committed 20352K, reserved 1071104K
  class space    used 2414K, capacity 2576K, committed 2688K, reserved 1048576K
}
Event: 1.905 GC heap before
{Heap before GC invocations=6 (full 2):
 PSYoungGen      total 38400K, used 0K [0x00000000d5580000, 0x00000000d8000000, 0x0000000100000000)
  eden space 33280K, 0% used [0x00000000d5580000,0x00000000d5580000,0x00000000d7600000)
  from space 5120K, 0% used [0x00000000d7600000,0x00000000d7600000,0x00000000d7b00000)
  to   space 5120K, 0% used [0x00000000d7b00000,0x00000000d7b00000,0x00000000d8000000)
 ParOldGen       total 61952K, used 6915K [0x0000000080000000, 0x0000000083c80000, 0x00000000d5580000)
  object space 61952K, 11% used [0x0000000080000000,0x00000000806c0da8,0x0000000083c80000)
 Metaspace       used 19585K, capacity 20188K, committed 20352K, reserved 1075200K
  class space    used 2414K, capacity 2576K, committed 2688K, reserved 1048576K
Event: 1.906 GC heap after
Heap after GC invocations=6 (full 2):
 PSYoungGen      total 38400K, used 0K [0x00000000d5580000, 0x00000000d8000000, 0x0000000100000000)
  eden space 33280K, 0% used [0x00000000d5580000,0x00000000d5580000,0x00000000d7600000)
  from space 5120K, 0% used [0x00000000d7b00000,0x00000000d7b00000,0x00000000d8000000)
  to   space 5120K, 0% used [0x00000000d7600000,0x00000000d7600000,0x00000000d7b00000)
 ParOldGen       total 61952K, used 6915K [0x0000000080000000, 0x0000000083c80000, 0x00000000d5580000)
  object space 61952K, 11% used [0x0000000080000000,0x00000000806c0da8,0x0000000083c80000)
 Metaspace       used 19585K, capacity 20188K, committed 20352K, reserved 1075200K
  class space    used 2414K, capacity 2576K, committed 2688K, reserved 1048576K
}
Event: 1.906 GC heap before
{Heap before GC invocations=7 (full 3):
 PSYoungGen      total 38400K, used 0K [0x00000000d5580000, 0x00000000d8000000, 0x0000000100000000)
  eden space 33280K, 0% used [0x00000000d5580000,0x00000000d5580000,0x00000000d7600000)
  from space 5120K, 0% used [0x00000000d7b00000,0x00000000d7b00000,0x00000000d8000000)
  to   space 5120K, 0% used [0x00000000d7600000,0x00000000d7600000,0x00000000d7b00000)
 ParOldGen       total 61952K, used 6915K [0x0000000080000000, 0x0000000083c80000, 0x00000000d5580000)
  object space 61952K, 11% used [0x0000000080000000,0x00000000806c0da8,0x0000000083c80000)
 Metaspace       used 19585K, capacity 20188K, committed 20352K, reserved 1075200K
  class space    used 2414K, capacity 2576K, committed 2688K, reserved 1048576K
Event: 1.951 GC heap after
Heap after GC invocations=7 (full 3):
 PSYoungGen      total 38400K, used 0K [0x00000000d5580000, 0x00000000d8000000, 0x0000000100000000)
  eden space 33280K, 0% used [0x00000000d5580000,0x00000000d5580000,0x00000000d7600000)
  from space 5120K, 0% used [0x00000000d7b00000,0x00000000d7b00000,0x00000000d8000000)
  to   space 5120K, 0% used [0x00000000d7600000,0x00000000d7600000,0x00000000d7b00000)
 ParOldGen       total 61952K, used 6035K [0x0000000080000000, 0x0000000083c80000, 0x00000000d5580000)
  object space 61952K, 9% used [0x0000000080000000,0x00000000805e4cf0,0x0000000083c80000)
 Metaspace       used 19545K, capacity 20124K, committed 20352K, reserved 1071104K
  class space    used 2406K, capacity 2562K, committed 2688K, reserved 1048576K
}
Event: 1.968 GC heap before
{Heap before GC invocations=8 (full 3):
 PSYoungGen      total 38400K, used 1990K [0x00000000d5580000, 0x00000000d8000000, 0x0000000100000000)
  eden space 33280K, 5% used [0x00000000d5580000,0x00000000d5771988,0x00000000d7600000)
  from space 5120K, 0% used [0x00000000d7b00000,0x00000000d7b00000,0x00000000d8000000)
  to   space 5120K, 0% used [0x00000000d7600000,0x00000000d7600000,0x00000000d7b00000)
 ParOldGen       total 61952K, used 6035K [0x0000000080000000, 0x0000000083c80000, 0x00000000d5580000)
  object space 61952K, 9% used [0x0000000080000000,0x00000000805e4cf0,0x0000000083c80000)
 Metaspace       used 19919K, capacity 20518K, committed 20736K, reserved 1075200K
  class space    used 2520K, capacity 2693K, committed 2816K, reserved 1048576K
Event: 1.970 GC heap after
Heap after GC invocations=8 (full 3):
 PSYoungGen      total 38400K, used 96K [0x00000000d5580000, 0x00000000d8000000, 0x0000000100000000)
  eden space 33280K, 0% used [0x00000000d5580000,0x00000000d5580000,0x00000000d7600000)
  from space 5120K, 1% used [0x00000000d7600000,0x00000000d7618000,0x00000000d7b00000)
  to   space 5120K, 0% used [0x00000000d7b00000,0x00000000d7b00000,0x00000000d8000000)
 ParOldGen       total 61952K, used 6035K [0x0000000080000000, 0x0000000083c80000, 0x00000000d5580000)
  object space 61952K, 9% used [0x0000000080000000,0x00000000805e4cf0,0x0000000083c80000)
 Metaspace       used 19919K, capacity 20518K, committed 20736K, reserved 1075200K
  class space    used 2520K, capacity 2693K, committed 2816K, reserved 1048576K
}
Event: 1.970 GC heap before
{Heap before GC invocations=9 (full 4):
 PSYoungGen      total 38400K, used 96K [0x00000000d5580000, 0x00000000d8000000, 0x0000000100000000)
  eden space 33280K, 0% used [0x00000000d5580000,0x00000000d5580000,0x00000000d7600000)
  from space 5120K, 1% used [0x00000000d7600000,0x00000000d7618000,0x00000000d7b00000)
  to   space 5120K, 0% used [0x00000000d7b00000,0x00000000d7b00000,0x00000000d8000000)
 ParOldGen       total 61952K, used 6035K [0x0000000080000000, 0x0000000083c80000, 0x00000000d5580000)
  object space 61952K, 9% used [0x0000000080000000,0x00000000805e4cf0,0x0000000083c80000)
 Metaspace       used 19919K, capacity 20518K, committed 20736K, reserved 1075200K
  class space    used 2520K, capacity 2693K, committed 2816K, reserved 1048576K
Event: 2.000 GC heap after
Heap after GC invocations=9 (full 4):
 PSYoungGen      total 38400K, used 0K [0x00000000d5580000, 0x00000000d8000000, 0x0000000100000000)
  eden space 33280K, 0% used [0x00000000d5580000,0x00000000d5580000,0x00000000d7600000)
  from space 5120K, 0% used [0x00000000d7600000,0x00000000d7600000,0x00000000d7b00000)
  to   space 5120K, 0% used [0x00000000d7b00000,0x00000000d7b00000,0x00000000d8000000)
 ParOldGen       total 61952K, used 5746K [0x0000000080000000, 0x0000000083c80000, 0x00000000d5580000)
  object space 61952K, 9% used [0x0000000080000000,0x000000008059c828,0x0000000083c80000)
 Metaspace       used 19919K, capacity 20518K, committed 20736K, reserved 1073152K
  class space    used 2520K, capacity 2693K, committed 2816K, reserved 1048576K
}

Deoptimization events (10 events):
Event: 1.784 Thread 0x0000000018d91000 Uncommon trap: reason=unstable_if action=reinterpret pc=0x0000000002fae3cc method=java.util.regex.Matcher.reset()Ljava/util/regex/Matcher; @ 47
Event: 1.784 Thread 0x0000000018d91000 Uncommon trap: reason=unstable_if action=reinterpret pc=0x0000000002e96598 method=java.util.regex.Pattern$Curly.match0(Ljava/util/regex/Matcher;IILjava/lang/CharSequence;)Z @ 34
Event: 1.823 Thread 0x0000000018d91000 Uncommon trap: reason=class_check action=maybe_recompile pc=0x0000000003025060 method=java.io.DataInputStream.readShort()S @ 4
Event: 1.823 Thread 0x0000000018d91000 Uncommon trap: reason=class_check action=maybe_recompile pc=0x0000000003025060 method=java.io.DataInputStream.readShort()S @ 4
Event: 1.824 Thread 0x0000000018d91000 Uncommon trap: reason=class_check action=maybe_recompile pc=0x0000000003025060 method=java.io.DataInputStream.readShort()S @ 4
Event: 1.824 Thread 0x0000000018d91000 Uncommon trap: reason=class_check action=maybe_recompile pc=0x0000000003025060 method=java.io.DataInputStream.readShort()S @ 4
Event: 1.834 Thread 0x0000000018d91000 Uncommon trap: reason=class_check action=maybe_recompile pc=0x0000000002c5a3a8 method=java.lang.String.equals(Ljava/lang/Object;)Z @ 8
Event: 1.834 Thread 0x0000000018d91000 Uncommon trap: reason=class_check action=maybe_recompile pc=0x0000000002c5a3a8 method=java.lang.String.equals(Ljava/lang/Object;)Z @ 8
Event: 1.834 Thread 0x0000000018d91000 Uncommon trap: reason=class_check action=maybe_recompile pc=0x0000000002c5a3a8 method=java.lang.String.equals(Ljava/lang/Object;)Z @ 8
Event: 1.836 Thread 0x0000000018d91000 Uncommon trap: reason=class_check action=maybe_recompile pc=0x0000000002c5a3a8 method=java.lang.String.equals(Ljava/lang/Object;)Z @ 8

Classes redefined (0 events):
No events

Internal exceptions (10 events):
Event: 0.216 Thread 0x0000000000e2e800 Exception <a 'java/security/PrivilegedActionException'> (0x00000000d58c1708) thrown at [C:\re\workspace\8-2-build-windows-amd64-cygwin\jdk8u202\12323\hotspot\src\share\vm\prims\jvm.cpp, line 1502]
Event: 0.217 Thread 0x0000000000e2e800 Exception <a 'java/security/PrivilegedActionException'> (0x00000000d58c5618) thrown at [C:\re\workspace\8-2-build-windows-amd64-cygwin\jdk8u202\12323\hotspot\src\share\vm\prims\jvm.cpp, line 1502]
Event: 0.217 Thread 0x0000000000e2e800 Exception <a 'java/security/PrivilegedActionException'> (0x00000000d58c5828) thrown at [C:\re\workspace\8-2-build-windows-amd64-cygwin\jdk8u202\12323\hotspot\src\share\vm\prims\jvm.cpp, line 1502]
Event: 0.217 Thread 0x0000000000e2e800 Exception <a 'java/lang/NullPointerException'> (0x00000000d58c5e00) thrown at [C:\re\workspace\8-2-build-windows-amd64-cygwin\jdk8u202\12323\hotspot\src\share\vm\interpreter\linkResolver.cpp, line 1185]
Event: 0.508 Thread 0x0000000018d91000 Implicit null exception at 0x0000000002d5cf56 to 0x0000000002d5d2d9
Event: 0.773 Thread 0x0000000018d91000 Exception <a 'java/lang/NullPointerException'> (0x00000000d5e80a28) thrown at [C:\re\workspace\8-2-build-windows-amd64-cygwin\jdk8u202\12323\hotspot\src\share\vm\interpreter\linkResolver.cpp, line 1185]
Event: 0.774 Thread 0x0000000018d91000 Exception <a 'java/lang/reflect/InvocationTargetException'> (0x00000000d5e855f0) thrown at [C:\re\workspace\8-2-build-windows-amd64-cygwin\jdk8u202\12323\hotspot\src\share\vm\runtime\reflection.cpp, line 1092]
Event: 0.990 Thread 0x0000000018d91000 Implicit null exception at 0x0000000002dfec0e to 0x0000000002e00345
Event: 1.554 Thread 0x0000000018d91000 Exception <a 'java/lang/NullPointerException'> (0x00000000d5820730) thrown at [C:\re\workspace\8-2-build-windows-amd64-cygwin\jdk8u202\12323\hotspot\src\share\vm\interpreter\linkResolver.cpp, line 1185]
Event: 1.554 Thread 0x0000000018d91000 Exception <a 'java/lang/NullPointerException'> (0x00000000d5820730) thrown at [C:\re\workspace\8-2-build-windows-amd64-cygwin\jdk8u202\12323\hotspot\src\share\vm\prims\jvm.cpp, line 1506]

Events (10 events):
Event: 2.000 loading class javafx/beans/binding/Bindings$72
Event: 2.000 loading class javafx/beans/binding/Bindings$72 done
Event: 2.001 loading class javafx/beans/binding/Bindings$103
Event: 2.001 loading class javafx/beans/binding/Bindings$103 done
Event: 2.001 loading class javafx/beans/binding/Bindings$102
Event: 2.001 loading class javafx/beans/binding/Bindings$102 done
Event: 2.001 loading class javafx/beans/binding/Bindings$89
Event: 2.001 loading class javafx/beans/binding/Bindings$89 done
Event: 2.001 loading class javafx/beans/binding/Bindings$90
Event: 2.001 loading class javafx/beans/binding/Bindings$90 done


Dynamic libraries:
0x00007ff72a8e0000 - 0x00007ff72a917000 	C:\Program Files\Java\jdk1.8.0_202\bin\java.exe
0x00007ffc75e10000 - 0x00007ffc76006000 	C:\Windows\SYSTEM32\ntdll.dll
0x00007ffc74570000 - 0x00007ffc7462d000 	C:\Windows\System32\KERNEL32.DLL
0x00007ffc73a10000 - 0x00007ffc73cd8000 	C:\Windows\System32\KERNELBASE.dll
0x00007ffc753d0000 - 0x00007ffc7547c000 	C:\Windows\System32\ADVAPI32.dll
0x00007ffc75480000 - 0x00007ffc7551e000 	C:\Windows\System32\msvcrt.dll
0x00007ffc74690000 - 0x00007ffc7472b000 	C:\Windows\System32\sechost.dll
0x00007ffc74210000 - 0x00007ffc74334000 	C:\Windows\System32\RPCRT4.dll
0x00007ffc73f40000 - 0x00007ffc740e0000 	C:\Windows\System32\USER32.dll
0x00007ffc73e40000 - 0x00007ffc73e62000 	C:\Windows\System32\win32u.dll
0x00007ffc75520000 - 0x00007ffc7554a000 	C:\Windows\System32\GDI32.dll
0x00007ffc73900000 - 0x00007ffc73a09000 	C:\Windows\System32\gdi32full.dll
0x00007ffc73860000 - 0x00007ffc738fd000 	C:\Windows\System32\msvcp_win.dll
0x00007ffc73760000 - 0x00007ffc73860000 	C:\Windows\System32\ucrtbase.dll
0x00007ffc5b7e0000 - 0x00007ffc5ba7b000 	C:\Windows\WinSxS\amd64_microsoft.windows.common-controls_6595b64144ccf1df_6.0.19041.488_none_ca04af081b815d21\COMCTL32.dll
0x00007ffc74f30000 - 0x00007ffc74f60000 	C:\Windows\System32\IMM32.DLL
0x000000006a940000 - 0x000000006aa12000 	C:\Program Files\Java\jdk1.8.0_202\jre\bin\msvcr100.dll
0x000000006aa20000 - 0x000000006b2c5000 	C:\Program Files\Java\jdk1.8.0_202\jre\bin\server\jvm.dll
0x00007ffc74a60000 - 0x00007ffc74a68000 	C:\Windows\System32\PSAPI.DLL
0x00007ffc67150000 - 0x00007ffc67159000 	C:\Windows\SYSTEM32\WSOCK32.dll
0x00007ffc749f0000 - 0x00007ffc74a5b000 	C:\Windows\System32\WS2_32.dll
0x00007ffc55080000 - 0x00007ffc550a7000 	C:\Windows\SYSTEM32\WINMM.dll
0x00007ffc6cb30000 - 0x00007ffc6cb3a000 	C:\Windows\SYSTEM32\VERSION.dll
0x00007ffc5eb50000 - 0x00007ffc5eb5f000 	C:\Program Files\Java\jdk1.8.0_202\jre\bin\verify.dll
0x00007ffc5e7b0000 - 0x00007ffc5e7d9000 	C:\Program Files\Java\jdk1.8.0_202\jre\bin\java.dll
0x00007ffc5e790000 - 0x00007ffc5e7a6000 	C:\Program Files\Java\jdk1.8.0_202\jre\bin\zip.dll
0x00007ffc75680000 - 0x00007ffc75dc1000 	C:\Windows\System32\SHELL32.dll
0x00007ffc716c0000 - 0x00007ffc71e55000 	C:\Windows\SYSTEM32\windows.storage.dll
0x00007ffc74a70000 - 0x00007ffc74dc5000 	C:\Windows\System32\combase.dll
0x00007ffc72ef0000 - 0x00007ffc72f1c000 	C:\Windows\SYSTEM32\Wldp.dll
0x00007ffc75550000 - 0x00007ffc755fe000 	C:\Windows\System32\SHCORE.dll
0x00007ffc74630000 - 0x00007ffc74685000 	C:\Windows\System32\shlwapi.dll
0x00007ffc73480000 - 0x00007ffc734a6000 	C:\Windows\SYSTEM32\profapi.dll
0x0000000001250000 - 0x0000000001253000 	C:\Program Files\Java\jdk1.8.0_202\jre\bin\api-ms-win-core-console-l1-1-0.dll
0x0000000001260000 - 0x0000000001263000 	C:\Program Files\Java\jdk1.8.0_202\jre\bin\api-ms-win-core-datetime-l1-1-0.dll
0x0000000001270000 - 0x0000000001273000 	C:\Program Files\Java\jdk1.8.0_202\jre\bin\api-ms-win-core-debug-l1-1-0.dll
0x0000000019540000 - 0x0000000019543000 	C:\Program Files\Java\jdk1.8.0_202\jre\bin\api-ms-win-core-errorhandling-l1-1-0.dll
0x0000000019550000 - 0x0000000019554000 	C:\Program Files\Java\jdk1.8.0_202\jre\bin\api-ms-win-core-file-l1-1-0.dll
0x0000000019560000 - 0x0000000019563000 	C:\Program Files\Java\jdk1.8.0_202\jre\bin\api-ms-win-core-file-l1-2-0.dll
0x0000000019570000 - 0x0000000019573000 	C:\Program Files\Java\jdk1.8.0_202\jre\bin\api-ms-win-core-file-l2-1-0.dll
0x0000000019580000 - 0x0000000019583000 	C:\Program Files\Java\jdk1.8.0_202\jre\bin\api-ms-win-core-handle-l1-1-0.dll
0x0000000019590000 - 0x0000000019593000 	C:\Program Files\Java\jdk1.8.0_202\jre\bin\api-ms-win-core-heap-l1-1-0.dll
0x00000000195a0000 - 0x00000000195a3000 	C:\Program Files\Java\jdk1.8.0_202\jre\bin\api-ms-win-core-interlocked-l1-1-0.dll
0x00000000195b0000 - 0x00000000195b3000 	C:\Program Files\Java\jdk1.8.0_202\jre\bin\api-ms-win-core-libraryloader-l1-1-0.dll
0x00000000195c0000 - 0x00000000195c3000 	C:\Program Files\Java\jdk1.8.0_202\jre\bin\api-ms-win-core-localization-l1-2-0.dll
0x00000000195d0000 - 0x00000000195d3000 	C:\Program Files\Java\jdk1.8.0_202\jre\bin\api-ms-win-core-memory-l1-1-0.dll
0x00000000195e0000 - 0x00000000195e3000 	C:\Program Files\Java\jdk1.8.0_202\jre\bin\api-ms-win-core-namedpipe-l1-1-0.dll
0x00000000195f0000 - 0x00000000195f3000 	C:\Program Files\Java\jdk1.8.0_202\jre\bin\api-ms-win-core-processenvironment-l1-1-0.dll
0x0000000019600000 - 0x0000000019603000 	C:\Program Files\Java\jdk1.8.0_202\jre\bin\api-ms-win-core-processthreads-l1-1-0.dll
0x0000000019610000 - 0x0000000019613000 	C:\Program Files\Java\jdk1.8.0_202\jre\bin\api-ms-win-core-processthreads-l1-1-1.dll
0x0000000019620000 - 0x0000000019623000 	C:\Program Files\Java\jdk1.8.0_202\jre\bin\api-ms-win-core-profile-l1-1-0.dll
0x0000000019630000 - 0x0000000019633000 	C:\Program Files\Java\jdk1.8.0_202\jre\bin\api-ms-win-core-rtlsupport-l1-1-0.dll
0x0000000019640000 - 0x0000000019643000 	C:\Program Files\Java\jdk1.8.0_202\jre\bin\api-ms-win-core-string-l1-1-0.dll
0x0000000019650000 - 0x0000000019653000 	C:\Program Files\Java\jdk1.8.0_202\jre\bin\api-ms-win-core-synch-l1-1-0.dll
0x0000000019660000 - 0x0000000019663000 	C:\Program Files\Java\jdk1.8.0_202\jre\bin\api-ms-win-core-synch-l1-2-0.dll
0x0000000019670000 - 0x0000000019673000 	C:\Program Files\Java\jdk1.8.0_202\jre\bin\api-ms-win-core-sysinfo-l1-1-0.dll
0x0000000019680000 - 0x0000000019683000 	C:\Program Files\Java\jdk1.8.0_202\jre\bin\api-ms-win-core-timezone-l1-1-0.dll
0x0000000019690000 - 0x0000000019693000 	C:\Program Files\Java\jdk1.8.0_202\jre\bin\api-ms-win-core-util-l1-1-0.dll
0x00000000196a0000 - 0x00000000196a3000 	C:\Program Files\Java\jdk1.8.0_202\jre\bin\api-ms-win-crt-conio-l1-1-0.dll
0x00000000196b0000 - 0x00000000196b4000 	C:\Program Files\Java\jdk1.8.0_202\jre\bin\api-ms-win-crt-convert-l1-1-0.dll
0x00000000196c0000 - 0x00000000196c3000 	C:\Program Files\Java\jdk1.8.0_202\jre\bin\api-ms-win-crt-environment-l1-1-0.dll
0x00000000196d0000 - 0x00000000196d3000 	C:\Program Files\Java\jdk1.8.0_202\jre\bin\api-ms-win-crt-filesystem-l1-1-0.dll
0x00000000196e0000 - 0x00000000196e3000 	C:\Program Files\Java\jdk1.8.0_202\jre\bin\api-ms-win-crt-heap-l1-1-0.dll
0x00000000196f0000 - 0x00000000196f3000 	C:\Program Files\Java\jdk1.8.0_202\jre\bin\api-ms-win-crt-locale-l1-1-0.dll
0x0000000019700000 - 0x0000000019705000 	C:\Program Files\Java\jdk1.8.0_202\jre\bin\api-ms-win-crt-math-l1-1-0.dll
0x0000000019710000 - 0x0000000019715000 	C:\Program Files\Java\jdk1.8.0_202\jre\bin\api-ms-win-crt-multibyte-l1-1-0.dll
0x0000000019720000 - 0x0000000019730000 	C:\Program Files\Java\jdk1.8.0_202\jre\bin\api-ms-win-crt-private-l1-1-0.dll
0x0000000019730000 - 0x0000000019733000 	C:\Program Files\Java\jdk1.8.0_202\jre\bin\api-ms-win-crt-process-l1-1-0.dll
0x0000000019740000 - 0x0000000019744000 	C:\Program Files\Java\jdk1.8.0_202\jre\bin\api-ms-win-crt-runtime-l1-1-0.dll
0x0000000019750000 - 0x0000000019754000 	C:\Program Files\Java\jdk1.8.0_202\jre\bin\api-ms-win-crt-stdio-l1-1-0.dll
0x0000000019760000 - 0x0000000019764000 	C:\Program Files\Java\jdk1.8.0_202\jre\bin\api-ms-win-crt-string-l1-1-0.dll
0x0000000019770000 - 0x0000000019773000 	C:\Program Files\Java\jdk1.8.0_202\jre\bin\api-ms-win-crt-time-l1-1-0.dll
0x0000000019780000 - 0x0000000019783000 	C:\Program Files\Java\jdk1.8.0_202\jre\bin\api-ms-win-crt-utility-l1-1-0.dll
0x00007ffc5bd40000 - 0x00007ffc5be36000 	C:\Program Files\Java\jdk1.8.0_202\jre\bin\ucrtbase.dll
0x00007ffc6f020000 - 0x00007ffc6f036000 	C:\Program Files\Java\jdk1.8.0_202\jre\bin\vcruntime140.dll
0x00007ffc5bca0000 - 0x00007ffc5bd3c000 	C:\Program Files\Java\jdk1.8.0_202\jre\bin\msvcp140.dll
0x00007ffc625c0000 - 0x00007ffc62611000 	C:\Program Files\Java\jdk1.8.0_202\jre\bin\concrt140.dll
0x00007ffc624e0000 - 0x00007ffc62503000 	C:\Program Files\Java\jdk1.8.0_202\jre\bin\prism_d3d.dll
0x00007ffc1a280000 - 0x00007ffc1a44e000 	C:\Windows\system32\d3d9.dll
0x00007ffc714c0000 - 0x00007ffc714d2000 	C:\Windows\SYSTEM32\kernel.appcore.dll
0x00007ffc710c0000 - 0x00007ffc710ef000 	C:\Windows\SYSTEM32\dwmapi.dll
0x00007ffc70f80000 - 0x00007ffc7101e000 	C:\Windows\system32\uxtheme.dll
0x00007ffc6b5f0000 - 0x00007ffc6bce6000 	C:\Windows\SYSTEM32\d3d10warp.dll
0x00007ffc5beb0000 - 0x00007ffc5bef9000 	C:\Program Files\Java\jdk1.8.0_202\jre\bin\glass.dll
0x00007ffc74dd0000 - 0x00007ffc74eaa000 	C:\Windows\System32\COMDLG32.dll
0x00007ffc740e0000 - 0x00007ffc7420a000 	C:\Windows\System32\ole32.dll
0x00007ffc73e70000 - 0x00007ffc73f3d000 	C:\Windows\System32\OLEAUT32.dll
0x00007ffc74450000 - 0x00007ffc74565000 	C:\Windows\System32\MSCTF.dll
0x00007ffc73550000 - 0x00007ffc735cf000 	C:\Windows\System32\bcryptPrimitives.dll
0x00007ffc6b5b0000 - 0x00007ffc6b5eb000 	C:\Windows\SYSTEM32\dxcore.dll
0x00007ffc735d0000 - 0x00007ffc7361e000 	C:\Windows\System32\cfgmgr32.dll
0x00007ffc5e770000 - 0x00007ffc5e78a000 	C:\Program Files\Java\jdk1.8.0_202\jre\bin\net.dll
0x00007ffc67b90000 - 0x00007ffc67d7d000 	C:\Windows\SYSTEM32\urlmon.dll
0x00007ffc677b0000 - 0x00007ffc67a60000 	C:\Windows\SYSTEM32\iertutil.dll
0x00007ffc72c70000 - 0x00007ffc72cda000 	C:\Windows\system32\mswsock.dll
0x00007ffc729b0000 - 0x00007ffc72a7b000 	C:\Windows\SYSTEM32\DNSAPI.dll
0x00007ffc72960000 - 0x00007ffc7299b000 	C:\Windows\SYSTEM32\IPHLPAPI.DLL
0x00007ffc74730000 - 0x00007ffc74738000 	C:\Windows\System32\NSI.dll
0x00007ffc6a020000 - 0x00007ffc6a02a000 	C:\Windows\System32\rasadhlp.dll
0x00007ffc6a3e0000 - 0x00007ffc6a45f000 	C:\Windows\System32\fwpuclnt.dll
0x00007ffc73680000 - 0x00007ffc736a7000 	C:\Windows\System32\bcrypt.dll
0x00007ffc5c5f0000 - 0x00007ffc5c614000 	C:\Program Files\Java\jdk1.8.0_202\jre\bin\sunec.dll
0x00007ffc6d690000 - 0x00007ffc6d6a7000 	C:\Windows\SYSTEM32\dhcpcsvc6.DLL
0x00007ffc6d670000 - 0x00007ffc6d68d000 	C:\Windows\SYSTEM32\dhcpcsvc.DLL
0x00007ffc5e750000 - 0x00007ffc5e762000 	C:\Program Files\Java\jdk1.8.0_202\jre\bin\nio.dll
0x00007ffc72e40000 - 0x00007ffc72e58000 	C:\Windows\SYSTEM32\CRYPTSP.dll
0x00007ffc72600000 - 0x00007ffc72634000 	C:\Windows\system32\rsaenh.dll
0x00007ffc73400000 - 0x00007ffc7342e000 	C:\Windows\SYSTEM32\USERENV.dll
0x00007ffc72e60000 - 0x00007ffc72e6c000 	C:\Windows\SYSTEM32\CRYPTBASE.dll
0x00007ffc6f010000 - 0x00007ffc6f01b000 	C:\Program Files\Java\jdk1.8.0_202\jre\bin\sunmscapi.dll
0x00007ffc73ce0000 - 0x00007ffc73e3d000 	C:\Windows\System32\CRYPT32.dll
0x00007ffc63030000 - 0x00007ffc63044000 	C:\Program Files\Java\jdk1.8.0_202\jre\bin\javafx_font.dll
0x00007ffc651a0000 - 0x00007ffc6541f000 	C:\Windows\SYSTEM32\dwrite.dll
0x00007ffc743a0000 - 0x00007ffc74449000 	C:\Windows\System32\clbcatq.dll
0x00007ffc6d1a0000 - 0x00007ffc6d354000 	C:\Windows\SYSTEM32\WindowsCodecs.dll
0x00007ffc56560000 - 0x00007ffc5659e000 	C:\Windows\system32\dataexchange.dll
0x00007ffc6f650000 - 0x00007ffc6f8b4000 	C:\Windows\system32\d3d11.dll
0x00007ffc6ffe0000 - 0x00007ffc701c5000 	C:\Windows\system32\dcomp.dll
0x00007ffc71ea0000 - 0x00007ffc71f93000 	C:\Windows\system32\dxgi.dll
0x00007ffc6cee0000 - 0x00007ffc6d0e8000 	C:\Windows\system32\twinapi.appcore.dll
0x00007ffc334d0000 - 0x00007ffc33504000 	C:\Program Files\Common Files\Microsoft Shared\Ink\rtscom.dll
0x00007ffc66ca0000 - 0x00007ffc66d9c000 	C:\Windows\SYSTEM32\textinputframework.dll
0x00007ffc70550000 - 0x00007ffc708ae000 	C:\Windows\System32\CoreUIComponents.dll
0x00007ffc708b0000 - 0x00007ffc709a2000 	C:\Windows\System32\CoreMessaging.dll
0x00007ffc72290000 - 0x00007ffc722c3000 	C:\Windows\SYSTEM32\ntmarta.dll
0x00007ffc6fe80000 - 0x00007ffc6ffd6000 	C:\Windows\SYSTEM32\wintypes.dll

VM Arguments:
jvm_args: -Dfile.encoding=UTF-8 
java_command: controlador.OnlineStore
java_class_path (initial): H:\Program Files\NetBeans 8.2\java\modules\ext\hibernate4\antlr-2.7.7.jar;H:\Program Files\NetBeans 8.2\java\modules\ext\hibernate4\c3p0-0.9.2.1.jar;H:\Program Files\NetBeans 8.2\java\modules\ext\hibernate4\hibernate-c3p0-4.3.1.Final.jar;H:\Program Files\NetBeans 8.2\java\modules\ext\hibernate4\mchange-commons-java-0.2.3.4.jar;H:\Program Files\NetBeans 8.2\java\modules\ext\hibernate4\dom4j-1.6.1.jar;H:\Program Files\NetBeans 8.2\java\modules\ext\hibernate4\ehcache-core-2.4.3.jar;H:\Program Files\NetBeans 8.2\java\modules\ext\hibernate4\hibernate-ehcache-4.3.1.Final.jar;H:\Program Files\NetBeans 8.2\java\modules\ext\hibernate4\hibernate-core-4.3.1.Final.jar;H:\Program Files\NetBeans 8.2\java\modules\ext\hibernate4\jboss-logging-3.1.3.GA.jar;H:\Program Files\NetBeans 8.2\java\modules\ext\hibernate4\hibernate-commons-annotations-4.0.4.Final.jar;H:\Program Files\NetBeans 8.2\java\modules\ext\hibernate4\hibernate-entitymanager-4.3.1.Final.jar;H:\Program Files\NetBeans 8.2\java\modules\ext\hibernate4\javassist-3.18.1-GA.jar;H:\Program Files\NetBeans 8.2\java\modules\ext\hibernate4\jboss-transaction-api_1.2_spec-1.0.0.Final.jar;H:\Program Files\NetBeans 8.2\java\modules\ext\hibernate4\slf4j-api-1.6.1.jar;H:\Program Files\NetBeans 8.2\java\modules\ext\hibernate4\slf4j-simple-1.6.1.jar;H:\Program Files\NetBeans 8.2\java\modules\ext\hibernate4\hibernate-jpa-2.1-api-1.0.0.Final.jar;H:\Program Files\NetBeans 8.2\ide\modules\ext\mysql-connector-java-5.1.23-bin.jar;C:\Users\Uocspacex\Downloads\mysql-connector-java-8.0.29\mysql-connector-java-8.0.29\mysql-connector-java-8.0.29.jar;H:\orienta2\orienta2\build\classes
Launcher Type: SUN_STANDARD

Environment Variables:
PATH=C:\Program Files (x86)\Common Files\Oracle\Java\javapath;C:\Program Files\Common Files\Oracle\Java\javapath;C:\Windows\system32;C:\Windows;C:\Windows\System32\Wbem;C:\Windows\System32\WindowsPowerShell\v1.0\;C:\Windows\System32\OpenSSH\;C:\Program Files\AutoFirma\AutoFirma;C:\Program Files\Git\cmd;C:\Users\Uocspacex\AppData\Local\Microsoft\WindowsApps;
USERNAME=Uocspacex
OS=Windows_NT
PROCESSOR_IDENTIFIER=Intel64 Family 6 Model 60 Stepping 3, GenuineIntel



---------------  S Y S T E M  ---------------

OS: Windows 10.0 , 64 bit Build 19041 (10.0.19041.546)

CPU:total 2 (initial active 2) (2 cores per cpu, 1 threads per core) family 6 model 60 stepping 3, cmov, cx8, fxsr, mmx, sse, sse2, sse3, ssse3, sse4.1, sse4.2, popcnt, avx, avx2, aes, clmul, lzcnt, tsc, tscinvbit

Memory: 4k page, physical 8388148k(3083696k free), swap 10879828k(3272k free)

vm_info: Java HotSpot(TM) 64-Bit Server VM (25.202-b08) for windows-amd64 JRE (1.8.0_202-b08), built on Dec 15 2018 19:54:30 by "java_re" with MS VC++ 10.0 (VS2010)

time: Sat Apr 30 20:22:29 2022
timezone: Romance Daylight Time
elapsed time: 2 seconds (0d 0h 0m 2s)

